<?xml version="1.0" encoding="UTF-8"?>
<coverage generated="1638011925679" clover="3.2.0">
  <project timestamp="1638011925680" name="All files">
    <metrics statements="51" coveredstatements="44" conditionals="8" coveredconditionals="5" methods="14" coveredmethods="10" elements="73" coveredelements="59" complexity="0" loc="51" ncloc="51" packages="1" files="1" classes="1"/>
    <file name="app.js" path="C:\Users\user\web project\genesys\bookService\app.js">
      <metrics statements="51" coveredstatements="44" conditionals="8" coveredconditionals="5" methods="14" coveredmethods="10"/>
      <line num="1" count="1" type="stmt"/>
      <line num="4" count="11" type="stmt"/>
      <line num="5" count="11" type="stmt"/>
      <line num="6" count="11" type="stmt"/>
      <line num="9" count="1" type="stmt"/>
      <line num="11" count="0" type="stmt"/>
      <line num="14" count="0" type="stmt"/>
      <line num="17" count="0" type="stmt"/>
      <line num="20" count="0" type="stmt"/>
      <line num="27" count="1" type="stmt"/>
      <line num="29" count="1" type="stmt"/>
      <line num="31" count="1" type="stmt"/>
      <line num="33" count="11" type="stmt"/>
      <line num="34" count="11" type="stmt"/>
      <line num="35" count="11" type="stmt"/>
      <line num="38" count="10" type="stmt"/>
      <line num="39" count="1" type="stmt"/>
      <line num="42" count="1" type="stmt"/>
      <line num="43" count="10" type="stmt"/>
      <line num="45" count="1" type="stmt"/>
      <line num="49" count="5" type="stmt"/>
      <line num="50" count="35" type="cond" truecount="2" falsecount="0"/>
      <line num="51" count="5" type="stmt"/>
      <line num="54" count="5" type="stmt"/>
      <line num="56" count="5" type="cond" truecount="1" falsecount="1"/>
      <line num="57" count="5" type="stmt"/>
      <line num="58" count="5" type="stmt"/>
      <line num="60" count="35" type="stmt"/>
      <line num="61" count="5" type="stmt"/>
      <line num="62" count="5" type="stmt"/>
      <line num="63" count="5" type="stmt"/>
      <line num="65" count="0" type="stmt"/>
      <line num="70" count="2" type="stmt"/>
      <line num="71" count="10" type="cond" truecount="1" falsecount="1"/>
      <line num="72" count="0" type="stmt"/>
      <line num="76" count="2" type="cond" truecount="1" falsecount="1"/>
      <line num="78" count="7" type="stmt"/>
      <line num="79" count="2" type="stmt"/>
      <line num="81" count="2" type="stmt"/>
      <line num="82" count="2" type="stmt"/>
      <line num="83" count="2" type="stmt"/>
      <line num="85" count="0" type="stmt"/>
      <line num="91" count="1" type="stmt"/>
      <line num="92" count="1" type="stmt"/>
      <line num="93" count="1" type="stmt"/>
      <line num="94" count="1" type="stmt"/>
      <line num="95" count="1" type="stmt"/>
      <line num="98" count="1" type="stmt"/>
      <line num="99" count="1" type="stmt"/>
      <line num="101" count="1" type="stmt"/>
      <line num="102" count="1" type="stmt"/>
    </file>
  </project>
</coverage>
