{"C:\\Users\\user\\web project\\genesys\\bookService\\app.js": {"path":"C:\\Users\\user\\web project\\genesys\\bookService\\app.js","statementMap":{"0":{"start":{"line":1,"column":12},"end":{"line":1,"column":14}},"1":{"start":{"line":4,"column":4},"end":{"line":4,"column":21}},"2":{"start":{"line":5,"column":4},"end":{"line":5,"column":25}},"3":{"start":{"line":6,"column":4},"end":{"line":6,"column":31}},"4":{"start":{"line":9,"column":0},"end":{"line":25,"column":1}},"5":{"start":{"line":11,"column":8},"end":{"line":11,"column":59}},"6":{"start":{"line":14,"column":8},"end":{"line":14,"column":63}},"7":{"start":{"line":17,"column":8},"end":{"line":17,"column":71}},"8":{"start":{"line":20,"column":8},"end":{"line":23,"column":58}},"9":{"start":{"line":27,"column":20},"end":{"line":89,"column":4}},"10":{"start":{"line":29,"column":24},"end":{"line":29,"column":26}},"11":{"start":{"line":31,"column":4},"end":{"line":88,"column":5}},"12":{"start":{"line":33,"column":26},"end":{"line":33,"column":59}},"13":{"start":{"line":34,"column":12},"end":{"line":34,"column":32}},"14":{"start":{"line":35,"column":12},"end":{"line":35,"column":27}},"15":{"start":{"line":38,"column":12},"end":{"line":38,"column":61}},"16":{"start":{"line":38,"column":41},"end":{"line":38,"column":59}},"17":{"start":{"line":39,"column":12},"end":{"line":39,"column":25}},"18":{"start":{"line":42,"column":12},"end":{"line":44,"column":13}},"19":{"start":{"line":43,"column":16},"end":{"line":43,"column":34}},"20":{"start":{"line":45,"column":12},"end":{"line":45,"column":25}},"21":{"start":{"line":49,"column":12},"end":{"line":53,"column":13}},"22":{"start":{"line":50,"column":16},"end":{"line":52,"column":17}},"23":{"start":{"line":51,"column":20},"end":{"line":51,"column":33}},"24":{"start":{"line":54,"column":12},"end":{"line":54,"column":31}},"25":{"start":{"line":56,"column":12},"end":{"line":66,"column":13}},"26":{"start":{"line":57,"column":16},"end":{"line":57,"column":42}},"27":{"start":{"line":58,"column":16},"end":{"line":58,"column":62}},"28":{"start":{"line":60,"column":16},"end":{"line":60,"column":65}},"29":{"start":{"line":60,"column":45},"end":{"line":60,"column":63}},"30":{"start":{"line":61,"column":16},"end":{"line":61,"column":46}},"31":{"start":{"line":62,"column":16},"end":{"line":62,"column":43}},"32":{"start":{"line":63,"column":16},"end":{"line":63,"column":37}},"33":{"start":{"line":65,"column":16},"end":{"line":65,"column":52}},"34":{"start":{"line":70,"column":12},"end":{"line":74,"column":13}},"35":{"start":{"line":71,"column":16},"end":{"line":73,"column":17}},"36":{"start":{"line":72,"column":20},"end":{"line":72,"column":33}},"37":{"start":{"line":76,"column":12},"end":{"line":86,"column":13}},"38":{"start":{"line":78,"column":16},"end":{"line":78,"column":73}},"39":{"start":{"line":78,"column":53},"end":{"line":78,"column":71}},"40":{"start":{"line":79,"column":16},"end":{"line":79,"column":66}},"41":{"start":{"line":81,"column":16},"end":{"line":81,"column":34}},"42":{"start":{"line":82,"column":16},"end":{"line":82,"column":43}},"43":{"start":{"line":83,"column":16},"end":{"line":83,"column":37}},"44":{"start":{"line":85,"column":16},"end":{"line":85,"column":48}},"45":{"start":{"line":91,"column":16},"end":{"line":91,"column":71}},"46":{"start":{"line":92,"column":17},"end":{"line":92,"column":72}},"47":{"start":{"line":93,"column":17},"end":{"line":93,"column":72}},"48":{"start":{"line":94,"column":17},"end":{"line":94,"column":72}},"49":{"start":{"line":95,"column":17},"end":{"line":95,"column":72}},"50":{"start":{"line":98,"column":0},"end":{"line":98,"column":32}},"51":{"start":{"line":99,"column":0},"end":{"line":99,"column":32}},"52":{"start":{"line":101,"column":0},"end":{"line":101,"column":40}},"53":{"start":{"line":102,"column":0},"end":{"line":106,"column":1}}},"fnMap":{"0":{"name":"book","decl":{"start":{"line":3,"column":9},"end":{"line":3,"column":13}},"loc":{"start":{"line":3,"column":39},"end":{"line":7,"column":1}},"line":3},"1":{"name":"(anonymous_1)","decl":{"start":{"line":10,"column":13},"end":{"line":10,"column":14}},"loc":{"start":{"line":10,"column":25},"end":{"line":12,"column":5}},"line":10},"2":{"name":"(anonymous_2)","decl":{"start":{"line":13,"column":15},"end":{"line":13,"column":16}},"loc":{"start":{"line":13,"column":27},"end":{"line":15,"column":5}},"line":13},"3":{"name":"(anonymous_3)","decl":{"start":{"line":16,"column":18},"end":{"line":16,"column":19}},"loc":{"start":{"line":16,"column":30},"end":{"line":18,"column":5}},"line":16},"4":{"name":"(anonymous_4)","decl":{"start":{"line":19,"column":16},"end":{"line":19,"column":17}},"loc":{"start":{"line":19,"column":28},"end":{"line":24,"column":5}},"line":19},"5":{"name":"(anonymous_5)","decl":{"start":{"line":27,"column":21},"end":{"line":27,"column":22}},"loc":{"start":{"line":27,"column":33},"end":{"line":89,"column":1}},"line":27},"6":{"name":"(anonymous_6)","decl":{"start":{"line":32,"column":23},"end":{"line":32,"column":24}},"loc":{"start":{"line":32,"column":58},"end":{"line":36,"column":9}},"line":32},"7":{"name":"(anonymous_7)","decl":{"start":{"line":37,"column":23},"end":{"line":37,"column":24}},"loc":{"start":{"line":37,"column":39},"end":{"line":40,"column":9}},"line":37},"8":{"name":"(anonymous_8)","decl":{"start":{"line":38,"column":33},"end":{"line":38,"column":34}},"loc":{"start":{"line":38,"column":41},"end":{"line":38,"column":59}},"line":38},"9":{"name":"(anonymous_9)","decl":{"start":{"line":41,"column":21},"end":{"line":41,"column":22}},"loc":{"start":{"line":41,"column":33},"end":{"line":46,"column":9}},"line":41},"10":{"name":"(anonymous_10)","decl":{"start":{"line":47,"column":20},"end":{"line":47,"column":21}},"loc":{"start":{"line":47,"column":36},"end":{"line":67,"column":9}},"line":47},"11":{"name":"(anonymous_11)","decl":{"start":{"line":60,"column":37},"end":{"line":60,"column":38}},"loc":{"start":{"line":60,"column":45},"end":{"line":60,"column":63}},"line":60},"12":{"name":"(anonymous_12)","decl":{"start":{"line":68,"column":28},"end":{"line":68,"column":29}},"loc":{"start":{"line":68,"column":44},"end":{"line":87,"column":9}},"line":68},"13":{"name":"(anonymous_13)","decl":{"start":{"line":78,"column":45},"end":{"line":78,"column":46}},"loc":{"start":{"line":78,"column":53},"end":{"line":78,"column":71}},"line":78}},"branchMap":{"0":{"loc":{"start":{"line":50,"column":16},"end":{"line":52,"column":17}},"type":"if","locations":[{"start":{"line":50,"column":16},"end":{"line":52,"column":17}},{"start":{},"end":{}}],"line":50},"1":{"loc":{"start":{"line":56,"column":12},"end":{"line":66,"column":13}},"type":"if","locations":[{"start":{"line":56,"column":12},"end":{"line":66,"column":13}},{"start":{"line":64,"column":19},"end":{"line":66,"column":13}}],"line":56},"2":{"loc":{"start":{"line":71,"column":16},"end":{"line":73,"column":17}},"type":"if","locations":[{"start":{"line":71,"column":16},"end":{"line":73,"column":17}},{"start":{},"end":{}}],"line":71},"3":{"loc":{"start":{"line":76,"column":12},"end":{"line":86,"column":13}},"type":"if","locations":[{"start":{"line":76,"column":12},"end":{"line":86,"column":13}},{"start":{"line":84,"column":19},"end":{"line":86,"column":13}}],"line":76}},"s":{"0":1,"1":11,"2":11,"3":11,"4":1,"5":0,"6":0,"7":0,"8":0,"9":1,"10":1,"11":1,"12":11,"13":11,"14":11,"15":1,"16":10,"17":1,"18":1,"19":10,"20":1,"21":5,"22":35,"23":5,"24":5,"25":5,"26":5,"27":5,"28":5,"29":35,"30":5,"31":5,"32":5,"33":0,"34":2,"35":10,"36":0,"37":2,"38":2,"39":7,"40":2,"41":2,"42":2,"43":2,"44":0,"45":1,"46":1,"47":1,"48":1,"49":1,"50":1,"51":1,"52":1,"53":1},"f":{"0":11,"1":0,"2":0,"3":0,"4":0,"5":1,"6":11,"7":1,"8":10,"9":1,"10":5,"11":35,"12":2,"13":7},"b":{"0":[5,30],"1":[5,0],"2":[0,10],"3":[2,0]},"_coverageSchema":"1a1c01bbd47fc00a2c39e90264f33305004495a9","hash":"a3f4d9c9b585d540591f04f1cb061a02d9fc7bb4"}
}
