TN:
SF:app.js
FN:3,book
FN:10,(anonymous_1)
FN:13,(anonymous_2)
FN:16,(anonymous_3)
FN:19,(anonymous_4)
FN:27,(anonymous_5)
FN:32,(anonymous_6)
FN:37,(anonymous_7)
FN:38,(anonymous_8)
FN:41,(anonymous_9)
FN:47,(anonymous_10)
FN:60,(anonymous_11)
FN:68,(anonymous_12)
FN:78,(anonymous_13)
FNF:14
FNH:10
FNDA:11,book
FNDA:0,(anonymous_1)
FNDA:0,(anonymous_2)
FNDA:0,(anonymous_3)
FNDA:0,(anonymous_4)
FNDA:1,(anonymous_5)
FNDA:11,(anonymous_6)
FNDA:1,(anonymous_7)
FNDA:10,(anonymous_8)
FNDA:1,(anonymous_9)
FNDA:5,(anonymous_10)
FNDA:35,(anonymous_11)
FNDA:2,(anonymous_12)
FNDA:7,(anonymous_13)
DA:1,1
DA:4,11
DA:5,11
DA:6,11
DA:9,1
DA:11,0
DA:14,0
DA:17,0
DA:20,0
DA:27,1
DA:29,1
DA:31,1
DA:33,11
DA:34,11
DA:35,11
DA:38,10
DA:39,1
DA:42,1
DA:43,10
DA:45,1
DA:49,5
DA:50,35
DA:51,5
DA:54,5
DA:56,5
DA:57,5
DA:58,5
DA:60,35
DA:61,5
DA:62,5
DA:63,5
DA:65,0
DA:70,2
DA:71,10
DA:72,0
DA:76,2
DA:78,7
DA:79,2
DA:81,2
DA:82,2
DA:83,2
DA:85,0
DA:91,1
DA:92,1
DA:93,1
DA:94,1
DA:95,1
DA:98,1
DA:99,1
DA:101,1
DA:102,1
LF:51
LH:44
BRDA:50,0,0,5
BRDA:50,0,1,30
BRDA:56,1,0,5
BRDA:56,1,1,0
BRDA:71,2,0,0
BRDA:71,2,1,10
BRDA:76,3,0,2
BRDA:76,3,1,0
BRF:8
BRH:5
end_of_record
